<?xml version="1.0" encoding="UTF-8"?>
<coverage generated="1526747893">
  <project timestamp="1526747893">
    <package name="Cheezykins\LaravelEncryptable\Traits">
      <file name="/home/chris/code/LaravelEncryptable/src/Traits/Encryptable.php">
        <class name="Encryptable" namespace="Cheezykins\LaravelEncryptable\Traits">
          <metrics complexity="11" methods="4" coveredmethods="4" conditionals="0" coveredconditionals="0" statements="15" coveredstatements="15" elements="19" coveredelements="19"/>
        </class>
        <line num="16" type="method" name="getAttribute" visibility="public" complexity="2" crap="2" count="3"/>
        <line num="18" type="stmt" count="3"/>
        <line num="19" type="stmt" count="3"/>
        <line num="20" type="stmt" count="2"/>
        <line num="23" type="stmt" count="3"/>
        <line num="33" type="method" name="decryptValue" visibility="protected" complexity="3" crap="3" count="3"/>
        <line num="35" type="stmt" count="3"/>
        <line num="36" type="stmt" count="2"/>
        <line num="39" type="stmt" count="1"/>
        <line num="49" type="method" name="setAttribute" visibility="public" complexity="3" crap="3" count="7"/>
        <line num="51" type="stmt" count="7"/>
        <line num="52" type="stmt" count="3"/>
        <line num="55" type="stmt" count="7"/>
        <line num="63" type="method" name="attributesToArray" visibility="public" complexity="3" crap="3" count="1"/>
        <line num="65" type="stmt" count="1"/>
        <line num="67" type="stmt" count="1"/>
        <line num="68" type="stmt" count="1"/>
        <line num="69" type="stmt" count="1"/>
        <line num="73" type="stmt" count="1"/>
        <metrics loc="75" ncloc="49" classes="1" methods="4" coveredmethods="4" conditionals="0" coveredconditionals="0" statements="15" coveredstatements="15" elements="19" coveredelements="19"/>
      </file>
    </package>
    <metrics files="1" loc="75" ncloc="49" classes="1" methods="4" coveredmethods="4" conditionals="0" coveredconditionals="0" statements="15" coveredstatements="15" elements="19" coveredelements="19"/>
  </project>
</coverage>
